<?xml version="1.0" encoding="UTF-8"?>
<!-- Generated by org.testng.reporters.JUnitReportReporter -->
<testsuite hostname="shahidh" failures="0" tests="1" name="pac3.DatabaseConnectionTest" time="1.299" errors="0" timestamp="2025-03-18T11:11:24 IST" skipped="0">
  <testcase classname="pac3.DatabaseConnectionTest" name="databaseTest" time="1.299"/>
  <system-out/>
</testsuite> <!-- pac3.DatabaseConnectionTest -->
